2024-05-09 00:59:15.214 [info] Extension host with pid 3248 started
2024-05-09 00:59:15.268 [info] ExtensionService#_doActivateExtension vscode.git-base, startup: true, activationEvent: '*', root cause: vscode.git
2024-05-09 00:59:15.272 [info] ExtensionService#_doActivateExtension christian-kohler.path-intellisense, startup: true, activationEvent: '*'
2024-05-09 00:59:15.297 [info] ExtensionService#_doActivateExtension formulahendry.auto-close-tag, startup: true, activationEvent: '*'
2024-05-09 00:59:15.298 [info] ExtensionService#_doActivateExtension formulahendry.auto-rename-tag, startup: true, activationEvent: '*'
2024-05-09 00:59:15.312 [info] ExtensionService#_doActivateExtension oderwat.indent-rainbow, startup: true, activationEvent: '*'
2024-05-09 00:59:15.315 [info] ExtensionService#_doActivateExtension tal7aouy.rainbow-bracket, startup: true, activationEvent: '*'
2024-05-09 00:59:15.335 [info] ExtensionService#_doActivateExtension vincaslt.highlight-matching-tag, startup: true, activationEvent: '*'
2024-05-09 00:59:15.345 [info] ExtensionService#_doActivateExtension zhengrenzhe.nyan-cat, startup: true, activationEvent: '*'
2024-05-09 00:59:15.393 [error] Activating extension zhengrenzhe.nyan-cat failed due to an error:
2024-05-09 00:59:15.393 [error] Error: ENOENT: no such file or directory, open '/Applications/Visual Studio Code.app/Contents/Resources/app/out/vs/code/electron-browser/workbench/workbench.html'
    at Object.openSync (node:fs:603:3)
    at Object.func [as openSync] (node:electron/js2c/asar_bundle:2:1869)
    at Object.readFileSync (node:fs:471:35)
    at Object.t.readFileSync (node:electron/js2c/asar_bundle:2:9212)
    at backup (/Users/heejin/.vscode/extensions/zhengrenzhe.nyan-cat-0.0.8/out/extension.js:59:53)
    at activate (/Users/heejin/.vscode/extensions/zhengrenzhe.nyan-cat-0.0.8/out/extension.js:16:5)
    at Function.ib (/Applications/Visual Studio Code.app/Contents/Resources/app/out/vs/workbench/api/node/extensionHostProcess.js:154:13237)
    at Function.hb (/Applications/Visual Studio Code.app/Contents/Resources/app/out/vs/workbench/api/node/extensionHostProcess.js:154:12951)
    at /Applications/Visual Studio Code.app/Contents/Resources/app/out/vs/workbench/api/node/extensionHostProcess.js:154:11080
    at u.n (/Applications/Visual Studio Code.app/Contents/Resources/app/out/vs/workbench/api/node/extensionHostProcess.js:140:6255)
    at u.m (/Applications/Visual Studio Code.app/Contents/Resources/app/out/vs/workbench/api/node/extensionHostProcess.js:140:6218)
    at u.l (/Applications/Visual Studio Code.app/Contents/Resources/app/out/vs/workbench/api/node/extensionHostProcess.js:140:5675)
2024-05-09 00:59:15.396 [info] ExtensionService#_doActivateExtension vscode.git, startup: true, activationEvent: '*'
2024-05-09 00:59:15.419 [info] ExtensionService#_doActivateExtension vscode.github, startup: true, activationEvent: '*'
2024-05-09 00:59:15.620 [info] Eager extensions activated
2024-05-09 00:59:15.678 [info] ExtensionService#_doActivateExtension vscode.debug-auto-launch, startup: false, activationEvent: 'onStartupFinished'
2024-05-09 00:59:15.681 [info] ExtensionService#_doActivateExtension vscode.merge-conflict, startup: false, activationEvent: 'onStartupFinished'
2024-05-09 00:59:15.688 [info] ExtensionService#_doActivateExtension dbaeumer.vscode-eslint, startup: false, activationEvent: 'onStartupFinished'
2024-05-09 00:59:15.698 [info] ExtensionService#_doActivateExtension eamodio.gitlens, startup: false, activationEvent: 'onStartupFinished'
2024-05-09 00:59:15.740 [info] ExtensionService#_doActivateExtension Equinusocio.vsc-material-theme, startup: false, activationEvent: 'onStartupFinished'
2024-05-09 00:59:15.751 [info] ExtensionService#_doActivateExtension equinusocio.vsc-material-theme-icons, startup: false, activationEvent: 'onStartupFinished'
2024-05-09 00:59:15.800 [info] ExtensionService#_doActivateExtension esbenp.prettier-vscode, startup: false, activationEvent: 'onStartupFinished'
2024-05-09 00:59:15.832 [info] ExtensionService#_doActivateExtension PKief.material-icon-theme, startup: false, activationEvent: 'onStartupFinished'
2024-05-09 00:59:15.846 [info] ExtensionService#_doActivateExtension streetsidesoftware.code-spell-checker, startup: false, activationEvent: 'onStartupFinished'
2024-05-09 00:59:15.909 [info] ExtensionService#_doActivateExtension tonybaloney.vscode-pets, startup: false, activationEvent: 'onStartupFinished'
2024-05-09 00:59:15.926 [info] ExtensionService#_doActivateExtension usernamehw.errorlens, startup: false, activationEvent: 'onStartupFinished'
2024-05-09 00:59:16.103 [info] ExtensionService#_doActivateExtension ms-vsliveshare.vsliveshare, startup: false, activationEvent: 'api', root cause: eamodio.gitlens
2024-05-09 00:59:16.413 [info] ExtensionService#_doActivateExtension vscode.github-authentication, startup: false, activationEvent: 'onAuthenticationRequest:github'
2024-05-09 00:59:19.385 [info] ExtensionService#_doActivateExtension vscode.emmet, startup: false, activationEvent: 'onLanguage'
2024-05-09 00:59:36.573 [info] Extension host terminating: renderer closed the MessagePort
2024-05-09 00:59:36.593 [error] Canceled: Canceled
    at new g (/Applications/Visual Studio Code.app/Contents/Resources/app/out/vs/workbench/api/node/extensionHostProcess.js:141:110274)
    at l.U (/Applications/Visual Studio Code.app/Contents/Resources/app/out/vs/workbench/api/node/extensionHostProcess.js:150:10866)
    at Proxy.P.<computed>.j.charCodeAt.P.<computed> (/Applications/Visual Studio Code.app/Contents/Resources/app/out/vs/workbench/api/node/extensionHostProcess.js:150:8317)
    at d.g (/Applications/Visual Studio Code.app/Contents/Resources/app/out/vs/workbench/api/node/extensionHostProcess.js:141:139555)
    at d.executeCommand (/Applications/Visual Studio Code.app/Contents/Resources/app/out/vs/workbench/api/node/extensionHostProcess.js:141:138993)
    at p.registerCommand.description (/Applications/Visual Studio Code.app/Contents/Resources/app/out/vs/workbench/api/node/extensionHostProcess.js:141:138317)
    at d.h (/Applications/Visual Studio Code.app/Contents/Resources/app/out/vs/workbench/api/node/extensionHostProcess.js:141:140094)
    at d.g (/Applications/Visual Studio Code.app/Contents/Resources/app/out/vs/workbench/api/node/extensionHostProcess.js:141:139086)
    at d.executeCommand (/Applications/Visual Studio Code.app/Contents/Resources/app/out/vs/workbench/api/node/extensionHostProcess.js:141:138993)
    at Object.executeCommand (/Applications/Visual Studio Code.app/Contents/Resources/app/out/vs/workbench/api/node/extensionHostProcess.js:158:21333)
    at w (/Users/heejin/.vscode/extensions/eamodio.gitlens-14.9.1/dist/gitlens.js:1081:41198)
    at h (/Users/heejin/.vscode/extensions/eamodio.gitlens-14.9.1/dist/gitlens.js:1081:46237)
    at ActionRunners._updateContextKeys (/Users/heejin/.vscode/extensions/eamodio.gitlens-14.9.1/dist/gitlens.js:663:18411)
    at s (/Users/heejin/.vscode/extensions/eamodio.gitlens-14.9.1/dist/gitlens.js:663:16855)
    at RegisteredActionRunner.unregister (/Users/heejin/.vscode/extensions/eamodio.gitlens-14.9.1/dist/gitlens.js:663:16998)
    at RegisteredActionRunner.dispose (/Users/heejin/.vscode/extensions/eamodio.gitlens-14.9.1/dist/gitlens.js:663:15651)
    at ActionRunners.dispose (/Users/heejin/.vscode/extensions/eamodio.gitlens-14.9.1/dist/gitlens.js:663:16438)
    at /Users/heejin/.vscode/extensions/eamodio.gitlens-14.9.1/dist/gitlens.js:1041:19519
    at Array.forEach (<anonymous>)
    at Object.dispose (/Users/heejin/.vscode/extensions/eamodio.gitlens-14.9.1/dist/gitlens.js:1041:19501)
    at s (/Applications/Visual Studio Code.app/Contents/Resources/app/out/vs/workbench/api/node/extensionHostProcess.js:30:754)
    at f.cb (/Applications/Visual Studio Code.app/Contents/Resources/app/out/vs/workbench/api/node/extensionHostProcess.js:154:9873)
    at /Applications/Visual Studio Code.app/Contents/Resources/app/out/vs/workbench/api/node/extensionHostProcess.js:154:7808
    at Array.map (<anonymous>)
    at f.Y (/Applications/Visual Studio Code.app/Contents/Resources/app/out/vs/workbench/api/node/extensionHostProcess.js:154:7795)
    at f.terminate (/Applications/Visual Studio Code.app/Contents/Resources/app/out/vs/workbench/api/node/extensionHostProcess.js:154:8068)
    at s.terminate (/Applications/Visual Studio Code.app/Contents/Resources/app/out/vs/workbench/api/node/extensionHostProcess.js:158:1513)
    at a (/Applications/Visual Studio Code.app/Contents/Resources/app/out/vs/workbench/api/node/extensionHostProcess.js:171:9802)
    at MessagePortMain.<anonymous> (/Applications/Visual Studio Code.app/Contents/Resources/app/out/vs/workbench/api/node/extensionHostProcess.js:171:6227)
    at MessagePortMain.emit (node:events:513:28)
    at Object.MessagePortMain._internalPort.emit (node:electron/js2c/utility_init:2:367) setContext undefined
2024-05-09 00:59:36.593 [error] Canceled: Canceled
    at new g (/Applications/Visual Studio Code.app/Contents/Resources/app/out/vs/workbench/api/node/extensionHostProcess.js:141:110274)
    at l.U (/Applications/Visual Studio Code.app/Contents/Resources/app/out/vs/workbench/api/node/extensionHostProcess.js:150:10866)
    at Proxy.P.<computed>.j.charCodeAt.P.<computed> (/Applications/Visual Studio Code.app/Contents/Resources/app/out/vs/workbench/api/node/extensionHostProcess.js:150:8317)
    at d.g (/Applications/Visual Studio Code.app/Contents/Resources/app/out/vs/workbench/api/node/extensionHostProcess.js:141:139555)
    at d.executeCommand (/Applications/Visual Studio Code.app/Contents/Resources/app/out/vs/workbench/api/node/extensionHostProcess.js:141:138993)
    at p.registerCommand.description (/Applications/Visual Studio Code.app/Contents/Resources/app/out/vs/workbench/api/node/extensionHostProcess.js:141:138317)
    at d.h (/Applications/Visual Studio Code.app/Contents/Resources/app/out/vs/workbench/api/node/extensionHostProcess.js:141:140094)
    at d.g (/Applications/Visual Studio Code.app/Contents/Resources/app/out/vs/workbench/api/node/extensionHostProcess.js:141:139086)
    at d.executeCommand (/Applications/Visual Studio Code.app/Contents/Resources/app/out/vs/workbench/api/node/extensionHostProcess.js:141:138993)
    at Object.executeCommand (/Applications/Visual Studio Code.app/Contents/Resources/app/out/vs/workbench/api/node/extensionHostProcess.js:158:21333)
    at w (/Users/heejin/.vscode/extensions/eamodio.gitlens-14.9.1/dist/gitlens.js:1081:41198)
    at h (/Users/heejin/.vscode/extensions/eamodio.gitlens-14.9.1/dist/gitlens.js:1081:46237)
    at ActionRunners._updateContextKeys (/Users/heejin/.vscode/extensions/eamodio.gitlens-14.9.1/dist/gitlens.js:663:18411)
    at s (/Users/heejin/.vscode/extensions/eamodio.gitlens-14.9.1/dist/gitlens.js:663:16855)
    at RegisteredActionRunner.unregister (/Users/heejin/.vscode/extensions/eamodio.gitlens-14.9.1/dist/gitlens.js:663:16998)
    at RegisteredActionRunner.dispose (/Users/heejin/.vscode/extensions/eamodio.gitlens-14.9.1/dist/gitlens.js:663:15651)
    at ActionRunners.dispose (/Users/heejin/.vscode/extensions/eamodio.gitlens-14.9.1/dist/gitlens.js:663:16438)
    at /Users/heejin/.vscode/extensions/eamodio.gitlens-14.9.1/dist/gitlens.js:1041:19519
    at Array.forEach (<anonymous>)
    at Object.dispose (/Users/heejin/.vscode/extensions/eamodio.gitlens-14.9.1/dist/gitlens.js:1041:19501)
    at s (/Applications/Visual Studio Code.app/Contents/Resources/app/out/vs/workbench/api/node/extensionHostProcess.js:30:754)
    at f.cb (/Applications/Visual Studio Code.app/Contents/Resources/app/out/vs/workbench/api/node/extensionHostProcess.js:154:9873)
    at /Applications/Visual Studio Code.app/Contents/Resources/app/out/vs/workbench/api/node/extensionHostProcess.js:154:7808
    at Array.map (<anonymous>)
    at f.Y (/Applications/Visual Studio Code.app/Contents/Resources/app/out/vs/workbench/api/node/extensionHostProcess.js:154:7795)
    at f.terminate (/Applications/Visual Studio Code.app/Contents/Resources/app/out/vs/workbench/api/node/extensionHostProcess.js:154:8068)
    at s.terminate (/Applications/Visual Studio Code.app/Contents/Resources/app/out/vs/workbench/api/node/extensionHostProcess.js:158:1513)
    at a (/Applications/Visual Studio Code.app/Contents/Resources/app/out/vs/workbench/api/node/extensionHostProcess.js:171:9802)
    at MessagePortMain.<anonymous> (/Applications/Visual Studio Code.app/Contents/Resources/app/out/vs/workbench/api/node/extensionHostProcess.js:171:6227)
    at MessagePortMain.emit (node:events:513:28)
    at Object.MessagePortMain._internalPort.emit (node:electron/js2c/utility_init:2:367) setContext undefined
2024-05-09 00:59:36.593 [error] Canceled: Canceled
    at new g (/Applications/Visual Studio Code.app/Contents/Resources/app/out/vs/workbench/api/node/extensionHostProcess.js:141:110274)
    at l.U (/Applications/Visual Studio Code.app/Contents/Resources/app/out/vs/workbench/api/node/extensionHostProcess.js:150:10866)
    at Proxy.P.<computed>.j.charCodeAt.P.<computed> (/Applications/Visual Studio Code.app/Contents/Resources/app/out/vs/workbench/api/node/extensionHostProcess.js:150:8317)
    at d.g (/Applications/Visual Studio Code.app/Contents/Resources/app/out/vs/workbench/api/node/extensionHostProcess.js:141:139555)
    at d.executeCommand (/Applications/Visual Studio Code.app/Contents/Resources/app/out/vs/workbench/api/node/extensionHostProcess.js:141:138993)
    at p.registerCommand.description (/Applications/Visual Studio Code.app/Contents/Resources/app/out/vs/workbench/api/node/extensionHostProcess.js:141:138317)
    at d.h (/Applications/Visual Studio Code.app/Contents/Resources/app/out/vs/workbench/api/node/extensionHostProcess.js:141:140094)
    at d.g (/Applications/Visual Studio Code.app/Contents/Resources/app/out/vs/workbench/api/node/extensionHostProcess.js:141:139086)
    at d.executeCommand (/Applications/Visual Studio Code.app/Contents/Resources/app/out/vs/workbench/api/node/extensionHostProcess.js:141:138993)
    at Object.executeCommand (/Applications/Visual Studio Code.app/Contents/Resources/app/out/vs/workbench/api/node/extensionHostProcess.js:158:21333)
    at w (/Users/heejin/.vscode/extensions/eamodio.gitlens-14.9.1/dist/gitlens.js:1081:41198)
    at h (/Users/heejin/.vscode/extensions/eamodio.gitlens-14.9.1/dist/gitlens.js:1081:46237)
    at ActionRunners._updateContextKeys (/Users/heejin/.vscode/extensions/eamodio.gitlens-14.9.1/dist/gitlens.js:663:18411)
    at s (/Users/heejin/.vscode/extensions/eamodio.gitlens-14.9.1/dist/gitlens.js:663:16855)
    at RegisteredActionRunner.unregister (/Users/heejin/.vscode/extensions/eamodio.gitlens-14.9.1/dist/gitlens.js:663:16998)
    at RegisteredActionRunner.dispose (/Users/heejin/.vscode/extensions/eamodio.gitlens-14.9.1/dist/gitlens.js:663:15651)
    at ActionRunners.dispose (/Users/heejin/.vscode/extensions/eamodio.gitlens-14.9.1/dist/gitlens.js:663:16438)
    at /Users/heejin/.vscode/extensions/eamodio.gitlens-14.9.1/dist/gitlens.js:1041:19519
    at Array.forEach (<anonymous>)
    at Object.dispose (/Users/heejin/.vscode/extensions/eamodio.gitlens-14.9.1/dist/gitlens.js:1041:19501)
    at s (/Applications/Visual Studio Code.app/Contents/Resources/app/out/vs/workbench/api/node/extensionHostProcess.js:30:754)
    at f.cb (/Applications/Visual Studio Code.app/Contents/Resources/app/out/vs/workbench/api/node/extensionHostProcess.js:154:9873)
    at /Applications/Visual Studio Code.app/Contents/Resources/app/out/vs/workbench/api/node/extensionHostProcess.js:154:7808
    at Array.map (<anonymous>)
    at f.Y (/Applications/Visual Studio Code.app/Contents/Resources/app/out/vs/workbench/api/node/extensionHostProcess.js:154:7795)
    at f.terminate (/Applications/Visual Studio Code.app/Contents/Resources/app/out/vs/workbench/api/node/extensionHostProcess.js:154:8068)
    at s.terminate (/Applications/Visual Studio Code.app/Contents/Resources/app/out/vs/workbench/api/node/extensionHostProcess.js:158:1513)
    at a (/Applications/Visual Studio Code.app/Contents/Resources/app/out/vs/workbench/api/node/extensionHostProcess.js:171:9802)
    at MessagePortMain.<anonymous> (/Applications/Visual Studio Code.app/Contents/Resources/app/out/vs/workbench/api/node/extensionHostProcess.js:171:6227)
    at MessagePortMain.emit (node:events:513:28)
    at Object.MessagePortMain._internalPort.emit (node:electron/js2c/utility_init:2:367) setContext undefined
2024-05-09 00:59:36.594 [info] Extension host with pid 3248 exiting with code 0
